Determining if the pthread_create exist failed with the following output:
Change Dir: /home/seohyun/Documents/NASA-RMC-2019/autonomy/build/CMakeFiles/CMakeTmp

Run Build Command:"/usr/bin/make" "cmTC_1d71f/fast"
/usr/bin/make -f CMakeFiles/cmTC_1d71f.dir/build.make CMakeFiles/cmTC_1d71f.dir/build
make[1]: Entering directory '/home/seohyun/Documents/NASA-RMC-2019/autonomy/build/CMakeFiles/CMakeTmp'
Building C object CMakeFiles/cmTC_1d71f.dir/CheckSymbolExists.c.o
/usr/bin/cc     -o CMakeFiles/cmTC_1d71f.dir/CheckSymbolExists.c.o   -c /home/seohyun/Documents/NASA-RMC-2019/autonomy/build/CMakeFiles/CMakeTmp/CheckSymbolExists.c
Linking C executable cmTC_1d71f
/usr/bin/cmake -E cmake_link_script CMakeFiles/cmTC_1d71f.dir/link.txt --verbose=1
/usr/bin/cc       CMakeFiles/cmTC_1d71f.dir/CheckSymbolExists.c.o  -o cmTC_1d71f -rdynamic 
CMakeFiles/cmTC_1d71f.dir/CheckSymbolExists.c.o: In function `main':
CheckSymbolExists.c:(.text+0x16): undefined reference to `pthread_create'
collect2: error: ld returned 1 exit status
CMakeFiles/cmTC_1d71f.dir/build.make:97: recipe for target 'cmTC_1d71f' failed
make[1]: *** [cmTC_1d71f] Error 1
make[1]: Leaving directory '/home/seohyun/Documents/NASA-RMC-2019/autonomy/build/CMakeFiles/CMakeTmp'
Makefile:126: recipe for target 'cmTC_1d71f/fast' failed
make: *** [cmTC_1d71f/fast] Error 2

File /home/seohyun/Documents/NASA-RMC-2019/autonomy/build/CMakeFiles/CMakeTmp/CheckSymbolExists.c:
/* */
#include <pthread.h>

int main(int argc, char** argv)
{
  (void)argv;
#ifndef pthread_create
  return ((int*)(&pthread_create))[argc];
#else
  (void)argc;
  return 0;
#endif
}

Determining if the function pthread_create exists in the pthreads failed with the following output:
Change Dir: /home/seohyun/Documents/NASA-RMC-2019/autonomy/build/CMakeFiles/CMakeTmp

Run Build Command:"/usr/bin/make" "cmTC_3c7ac/fast"
/usr/bin/make -f CMakeFiles/cmTC_3c7ac.dir/build.make CMakeFiles/cmTC_3c7ac.dir/build
make[1]: Entering directory '/home/seohyun/Documents/NASA-RMC-2019/autonomy/build/CMakeFiles/CMakeTmp'
Building C object CMakeFiles/cmTC_3c7ac.dir/CheckFunctionExists.c.o
/usr/bin/cc    -DCHECK_FUNCTION_EXISTS=pthread_create   -o CMakeFiles/cmTC_3c7ac.dir/CheckFunctionExists.c.o   -c /usr/share/cmake-3.5/Modules/CheckFunctionExists.c
Linking C executable cmTC_3c7ac
/usr/bin/cmake -E cmake_link_script CMakeFiles/cmTC_3c7ac.dir/link.txt --verbose=1
/usr/bin/cc   -DCHECK_FUNCTION_EXISTS=pthread_create    CMakeFiles/cmTC_3c7ac.dir/CheckFunctionExists.c.o  -o cmTC_3c7ac -rdynamic -lpthreads 
/usr/bin/ld: cannot find -lpthreads
collect2: error: ld returned 1 exit status
CMakeFiles/cmTC_3c7ac.dir/build.make:97: recipe for target 'cmTC_3c7ac' failed
make[1]: *** [cmTC_3c7ac] Error 1
make[1]: Leaving directory '/home/seohyun/Documents/NASA-RMC-2019/autonomy/build/CMakeFiles/CMakeTmp'
Makefile:126: recipe for target 'cmTC_3c7ac/fast' failed
make: *** [cmTC_3c7ac/fast] Error 2


